<?xml version="1.0" encoding="UTF-8"?>
<testsuite name="org.example.PessoaTest" tests="3" skipped="0" failures="0" errors="0" timestamp="2023-09-19T01:20:59" hostname="DESKTOP-0J8GSKJ" time="0.03">
  <properties/>
  <testcase name="deveRetornarSeEhMaiorDeIdade()" classname="org.example.PessoaTest" time="0.022"/>
  <testcase name="deveCalcularIdadeCorretamente()" classname="org.example.PessoaTest" time="0.002"/>
  <testcase name="validaIgualdade()" classname="org.example.PessoaTest" time="0.003"/>
  <system-out><![CDATA[]]></system-out>
  <system-err><![CDATA[]]></system-err>
</testsuite>
